<?xml version="1.0" encoding="UTF-8"?>
<!-- Generated by org.testng.reporters.JUnitXMLReporter -->
<testsuite hostname="Pankaj-SB-PC" failures="2" tests="2" name="Test" time="0.048" errors="0" timestamp="7 Jun 2021 09:27:31 GMT">
  <testcase classname="Facebook_Testcase.Facebook_longin" name="lonintoapptest" time="0.01">
    <failure type="java.lang.NullPointerException">
      <![CDATA[java.lang.NullPointerException
	at Facebook_Testcase.Facebook_longin.lonintoapptest(Facebook_longin.java:32)
... Removed 24 stack frames]]>
    </failure>
  </testcase> <!-- lonintoapptest -->
  <testcase classname="Facebook_Testcase.Facebook_longin" name="logintitletest" time="0.003">
    <failure type="java.lang.NullPointerException">
      <![CDATA[java.lang.NullPointerException
	at Facebook_Testcase.Facebook_longin.logintitletest(Facebook_longin.java:38)
... Removed 24 stack frames]]>
    </failure>
  </testcase> <!-- logintitletest -->
</testsuite> <!-- Test -->
